  main.cpp
f:\rgb_processingwin\rgb_processingwin\main.cpp : warning C4335: Mac file format detected: please convert the source file to either DOS or UNIX format
f:\rgb_processingwin\rgb_processingwin\main.cpp(1): warning C4067: unexpected tokens following preprocessor directive - expected a newline
f:\rgb_processingwin\rgb_processingwin\main.cpp(20): error C2065: 'inputImage1': undeclared identifier
f:\rgb_processingwin\rgb_processingwin\main.cpp(23): error C2065: 'inputImage1': undeclared identifier
f:\rgb_processingwin\rgb_processingwin\main.cpp(24): error C2065: 'inputImage1': undeclared identifier
f:\rgb_processingwin\rgb_processingwin\main.cpp(40): error C2065: 'vector': undeclared identifier
f:\rgb_processingwin\rgb_processingwin\main.cpp(40): error C2065: 'rgbValues1': undeclared identifier
f:\rgb_processingwin\rgb_processingwin\main.cpp(40): error C2275: 'RGBQUAD': illegal use of this type as an expression
  f:\windows kits\10\include\10.0.17134.0\um\wingdi.h(639): note: see declaration of 'RGBQUAD'
f:\rgb_processingwin\rgb_processingwin\main.cpp(41): error C2065: 'vector': undeclared identifier
f:\rgb_processingwin\rgb_processingwin\main.cpp(41): error C2065: 'rgbValues2': undeclared identifier
f:\rgb_processingwin\rgb_processingwin\main.cpp(41): error C2275: 'RGBQUAD': illegal use of this type as an expression
  f:\windows kits\10\include\10.0.17134.0\um\wingdi.h(639): note: see declaration of 'RGBQUAD'
f:\rgb_processingwin\rgb_processingwin\main.cpp(42): error C2065: 'vector': undeclared identifier
f:\rgb_processingwin\rgb_processingwin\main.cpp(42): error C2065: 'outputRGB': undeclared identifier
f:\rgb_processingwin\rgb_processingwin\main.cpp(42): error C2275: 'RGBQUAD': illegal use of this type as an expression
  f:\windows kits\10\include\10.0.17134.0\um\wingdi.h(639): note: see declaration of 'RGBQUAD'
f:\rgb_processingwin\rgb_processingwin\main.cpp(43): error C2065: 'rgbValues1': undeclared identifier
f:\rgb_processingwin\rgb_processingwin\main.cpp(43): error C2065: 'vector': undeclared identifier
f:\rgb_processingwin\rgb_processingwin\main.cpp(43): error C2275: 'RGBQUAD': illegal use of this type as an expression
  f:\windows kits\10\include\10.0.17134.0\um\wingdi.h(639): note: see declaration of 'RGBQUAD'
f:\rgb_processingwin\rgb_processingwin\main.cpp(44): error C2065: 'rgbValues2': undeclared identifier
f:\rgb_processingwin\rgb_processingwin\main.cpp(44): error C2065: 'vector': undeclared identifier
f:\rgb_processingwin\rgb_processingwin\main.cpp(44): error C2275: 'RGBQUAD': illegal use of this type as an expression
  f:\windows kits\10\include\10.0.17134.0\um\wingdi.h(639): note: see declaration of 'RGBQUAD'
f:\rgb_processingwin\rgb_processingwin\main.cpp(45): error C2065: 'outputRGB': undeclared identifier
f:\rgb_processingwin\rgb_processingwin\main.cpp(45): error C2065: 'vector': undeclared identifier
f:\rgb_processingwin\rgb_processingwin\main.cpp(45): error C2275: 'RGBQUAD': illegal use of this type as an expression
  f:\windows kits\10\include\10.0.17134.0\um\wingdi.h(639): note: see declaration of 'RGBQUAD'
f:\rgb_processingwin\rgb_processingwin\main.cpp(58): error C2065: 'inputImage1': undeclared identifier
f:\rgb_processingwin\rgb_processingwin\main.cpp(59): error C2065: 'rgbValues1': undeclared identifier
f:\rgb_processingwin\rgb_processingwin\main.cpp(60): error C2065: 'rgbValues1': undeclared identifier
f:\rgb_processingwin\rgb_processingwin\main.cpp(71): error C2065: 'rgbValues2': undeclared identifier
f:\rgb_processingwin\rgb_processingwin\main.cpp(72): error C2065: 'rgbValues2': undeclared identifier
f:\rgb_processingwin\rgb_processingwin\main.cpp(73): error C2065: 'rgbValues2': undeclared identifier
f:\rgb_processingwin\rgb_processingwin\main.cpp(83): error C2065: 'outputRGB': undeclared identifier
f:\rgb_processingwin\rgb_processingwin\main.cpp(83): error C2065: 'rgbValues1': undeclared identifier
f:\rgb_processingwin\rgb_processingwin\main.cpp(83): error C2065: 'rgbValues2': undeclared identifier
f:\rgb_processingwin\rgb_processingwin\main.cpp(84): error C2065: 'outputRGB': undeclared identifier
f:\rgb_processingwin\rgb_processingwin\main.cpp(84): error C2065: 'rgbValues1': undeclared identifier
f:\rgb_processingwin\rgb_processingwin\main.cpp(84): error C2065: 'rgbValues2': undeclared identifier
f:\rgb_processingwin\rgb_processingwin\main.cpp(85): error C2065: 'outputRGB': undeclared identifier
f:\rgb_processingwin\rgb_processingwin\main.cpp(85): error C2065: 'rgbValues1': undeclared identifier
f:\rgb_processingwin\rgb_processingwin\main.cpp(85): error C2065: 'rgbValues2': undeclared identifier
f:\rgb_processingwin\rgb_processingwin\main.cpp(94): error C2065: 'outputRGB': undeclared identifier
f:\rgb_processingwin\rgb_processingwin\main.cpp(96): error C2065: 'outputRGB': undeclared identifier
f:\rgb_processingwin\rgb_processingwin\main.cpp(97): error C2065: 'outputRGB': undeclared identifier
f:\rgb_processingwin\rgb_processingwin\main.cpp(98): error C2065: 'outputRGB': undeclared identifier
f:\rgb_processingwin\rgb_processingwin\main.cpp(99): error C2065: 'outputRGB': undeclared identifier
f:\rgb_processingwin\rgb_processingwin\main.cpp(99): error C2660: 'fipImage::setPixelColor': function does not take 2 arguments
  f:\rgb_processingwin\rgb_processingwin\libraries\freeimage\freeimageplus.h(543): note: see declaration of 'fipImage::setPixelColor'
f:\rgb_processingwin\rgb_processingwin\main.cpp(101): error C2065: 'outputRGB': undeclared identifier
f:\rgb_processingwin\rgb_processingwin\main.cpp(101): error C2065: 'y': undeclared identifier
f:\rgb_processingwin\rgb_processingwin\main.cpp(101): error C2065: 'x': undeclared identifier
f:\rgb_processingwin\rgb_processingwin\main.cpp(103): error C2065: 'x': undeclared identifier
f:\rgb_processingwin\rgb_processingwin\main.cpp(104): error C2065: 'y': undeclared identifier
f:\rgb_processingwin\rgb_processingwin\main.cpp(109): error C2143: syntax error: missing ';' before '<<'
f:\rgb_processingwin\rgb_processingwin\main.cpp(109): error C4430: missing type specifier - int assumed. Note: C++ does not support default-int
f:\rgb_processingwin\rgb_processingwin\main.cpp(109): error C2371: 'std::cout': redefinition; different basic types
  f:\visual studio\vc\tools\msvc\14.15.26726\include\iostream(29): note: see declaration of 'std::cout'
f:\rgb_processingwin\rgb_processingwin\main.cpp(111): error C4430: missing type specifier - int assumed. Note: C++ does not support default-int
f:\rgb_processingwin\rgb_processingwin\main.cpp(112): error C4430: missing type specifier - int assumed. Note: C++ does not support default-int
f:\rgb_processingwin\rgb_processingwin\main.cpp(113): error C4430: missing type specifier - int assumed. Note: C++ does not support default-int
f:\rgb_processingwin\rgb_processingwin\main.cpp(116): error C2143: syntax error: missing ';' before '<<'
f:\rgb_processingwin\rgb_processingwin\main.cpp(116): error C4430: missing type specifier - int assumed. Note: C++ does not support default-int
f:\rgb_processingwin\rgb_processingwin\main.cpp(116): error C2371: 'std::cout': redefinition; different basic types
  f:\visual studio\vc\tools\msvc\14.15.26726\include\iostream(29): note: see declaration of 'std::cout'
f:\rgb_processingwin\rgb_processingwin\main.cpp(119): error C2143: syntax error: missing ';' before '<<'
f:\rgb_processingwin\rgb_processingwin\main.cpp(119): error C4430: missing type specifier - int assumed. Note: C++ does not support default-int
f:\rgb_processingwin\rgb_processingwin\main.cpp(119): error C2371: 'std::cout': redefinition; different basic types
  f:\visual studio\vc\tools\msvc\14.15.26726\include\iostream(29): note: see declaration of 'std::cout'
f:\rgb_processingwin\rgb_processingwin\main.cpp(120): error C2065: 'height': undeclared identifier
f:\rgb_processingwin\rgb_processingwin\main.cpp(120): error C2065: 'width': undeclared identifier
f:\rgb_processingwin\rgb_processingwin\main.cpp(126): error C2065: 'inputImage1': undeclared identifier
f:\rgb_processingwin\rgb_processingwin\main.cpp(126): error C2065: 'rgb': undeclared identifier
f:\rgb_processingwin\rgb_processingwin\main.cpp(130): error C2065: 'rgbValues1': undeclared identifier
f:\rgb_processingwin\rgb_processingwin\main.cpp(130): error C2065: 'rgb': undeclared identifier
f:\rgb_processingwin\rgb_processingwin\main.cpp(131): error C2065: 'rgbValues1': undeclared identifier
f:\rgb_processingwin\rgb_processingwin\main.cpp(131): error C2065: 'rgb': undeclared identifier
f:\rgb_processingwin\rgb_processingwin\main.cpp(132): error C2065: 'rgbValues1': undeclared identifier
f:\rgb_processingwin\rgb_processingwin\main.cpp(132): error C2065: 'rgb': undeclared identifier
f:\rgb_processingwin\rgb_processingwin\main.cpp(135): error C4430: missing type specifier - int assumed. Note: C++ does not support default-int
f:\rgb_processingwin\rgb_processingwin\main.cpp(135): error C2365: 'tbb::parallel_for': redefinition; previous definition was 'function'
f:\rgb_processingwin\rgb_processingwin\main.cpp(135): error C2513: 'tbb::parallel_for': no variable declared before '='
f:\rgb_processingwin\rgb_processingwin\main.cpp(137): error C2143: syntax error: missing ';' before '<<'
f:\rgb_processingwin\rgb_processingwin\main.cpp(137): error C4430: missing type specifier - int assumed. Note: C++ does not support default-int
f:\rgb_processingwin\rgb_processingwin\main.cpp(137): error C2371: 'std::cout': redefinition; different basic types
  f:\visual studio\vc\tools\msvc\14.15.26726\include\iostream(29): note: see declaration of 'std::cout'
f:\rgb_processingwin\rgb_processingwin\main.cpp(138): error C2065: 'height': undeclared identifier
f:\rgb_processingwin\rgb_processingwin\main.cpp(138): error C2065: 'width': undeclared identifier
f:\rgb_processingwin\rgb_processingwin\main.cpp(144): error C2065: 'inputImage2': undeclared identifier
f:\rgb_processingwin\rgb_processingwin\main.cpp(144): error C2065: 'rgb': undeclared identifier
f:\rgb_processingwin\rgb_processingwin\main.cpp(146): error C2065: 'rgbValues2': undeclared identifier
f:\rgb_processingwin\rgb_processingwin\main.cpp(146): error C2065: 'rgb': undeclared identifier
f:\rgb_processingwin\rgb_processingwin\main.cpp(147): error C2065: 'rgbValues2': undeclared identifier
f:\rgb_processingwin\rgb_processingwin\main.cpp(147): error C2065: 'rgb': undeclared identifier
f:\rgb_processingwin\rgb_processingwin\main.cpp(148): error C2065: 'rgbValues2': undeclared identifier
f:\rgb_processingwin\rgb_processingwin\main.cpp(148): error C2065: 'rgb': undeclared identifier
f:\rgb_processingwin\rgb_processingwin\main.cpp(151): error C4430: missing type specifier - int assumed. Note: C++ does not support default-int
f:\rgb_processingwin\rgb_processingwin\main.cpp(151): error C2365: 'tbb::parallel_for': redefinition; previous definition was 'function'
f:\rgb_processingwin\rgb_processingwin\main.cpp(151): error C2513: 'tbb::parallel_for': no variable declared before '='
f:\rgb_processingwin\rgb_processingwin\main.cpp(151): fatal error C1903: unable to recover from previous error(s); stopping compilation
  INTERNAL COMPILER ERROR in 'F:\Visual Studio\VC\Tools\MSVC\14.15.26726\bin\HostX86\x86\CL.exe'
      Please choose the Technical Support command on the Visual C++
      Help menu, or open the Technical Support help file for more information
